<?xml version="1.0" encoding="UTF-8"?>
<testng-results ignored="0" total="2" passed="1" failed="1" skipped="0">
  <reporter-output>
  </reporter-output>
  <suite started-at="2024-03-24T18:19:44 IST" name="Suite" finished-at="2024-03-24T18:19:58 IST" duration-ms="14705">
    <groups>
    </groups>
    <test started-at="2024-03-24T18:19:44 IST" name="Test" finished-at="2024-03-24T18:19:58 IST" duration-ms="14705">
      <class name="ebanking.testCases.TC_LoginTest_001Test">
        <test-method is-config="true" signature="launchAndInitializeBrowser(java.lang.String)[pri:0, instance:ebanking.testCases.TC_LoginTest_001Test@74e28667]" started-at="2024-03-24T18:19:44 IST" name="launchAndInitializeBrowser" finished-at="2024-03-24T18:19:45 IST" duration-ms="1784" status="PASS">
          <params>
            <param index="0">
              <value>
                <![CDATA[chrome]]>
              </value>
            </param>
          </params>
          <reporter-output>
          </reporter-output>
        </test-method> <!-- launchAndInitializeBrowser -->
        <test-method signature="verifyLogin()[pri:0, instance:ebanking.testCases.TC_LoginTest_001Test@74e28667]" started-at="2024-03-24T18:19:45 IST" name="verifyLogin" finished-at="2024-03-24T18:19:50 IST" duration-ms="4725" status="PASS">
          <reporter-output>
          </reporter-output>
        </test-method> <!-- verifyLogin -->
        <test-method is-config="true" signature="closeBrowser()[pri:0, instance:ebanking.testCases.TC_LoginTest_001Test@74e28667]" started-at="2024-03-24T18:19:50 IST" name="closeBrowser" finished-at="2024-03-24T18:19:50 IST" duration-ms="170" status="PASS">
          <reporter-output>
          </reporter-output>
        </test-method> <!-- closeBrowser -->
      </class> <!-- ebanking.testCases.TC_LoginTest_001Test -->
      <class name="ebanking.testCases.TC_AddNewCustomer_003Test">
        <test-method is-config="true" signature="launchAndInitializeBrowser(java.lang.String)[pri:0, instance:ebanking.testCases.TC_AddNewCustomer_003Test@7ce69770]" started-at="2024-03-24T18:19:50 IST" name="launchAndInitializeBrowser" finished-at="2024-03-24T18:19:51 IST" duration-ms="1021" status="PASS">
          <params>
            <param index="0">
              <value>
                <![CDATA[chrome]]>
              </value>
            </param>
          </params>
          <reporter-output>
          </reporter-output>
        </test-method> <!-- launchAndInitializeBrowser -->
        <test-method signature="addNewCustomer()[pri:0, instance:ebanking.testCases.TC_AddNewCustomer_003Test@7ce69770]" started-at="2024-03-24T18:19:51 IST" name="addNewCustomer" finished-at="2024-03-24T18:19:58 IST" duration-ms="6630" status="FAIL">
          <exception class="java.lang.AssertionError">
            <message>
              <![CDATA[expected [true] but found [false]]]>
            </message>
            <full-stacktrace>
              <![CDATA[java.lang.AssertionError: expected [true] but found [false]
at org.testng.Assert.fail(Assert.java:111)
at org.testng.Assert.failNotEquals(Assert.java:1578)
at org.testng.Assert.assertTrue(Assert.java:57)
at org.testng.Assert.assertTrue(Assert.java:67)
at ebanking.testCases.TC_AddNewCustomer_003Test.addNewCustomer(TC_AddNewCustomer_003Test.java:39)
at java.base/jdk.internal.reflect.DirectMethodHandleAccessor.invoke(DirectMethodHandleAccessor.java:103)
at java.base/java.lang.reflect.Method.invoke(Method.java:580)
at org.testng.internal.invokers.MethodInvocationHelper.invokeMethod(MethodInvocationHelper.java:139)
at org.testng.internal.invokers.TestInvoker.invokeMethod(TestInvoker.java:664)
at org.testng.internal.invokers.TestInvoker.invokeTestMethod(TestInvoker.java:228)
at org.testng.internal.invokers.MethodRunner.runInSequence(MethodRunner.java:63)
at org.testng.internal.invokers.TestInvoker$MethodInvocationAgent.invoke(TestInvoker.java:961)
at org.testng.internal.invokers.TestInvoker.invokeTestMethods(TestInvoker.java:201)
at org.testng.internal.invokers.TestMethodWorker.invokeTestMethods(TestMethodWorker.java:148)
at org.testng.internal.invokers.TestMethodWorker.run(TestMethodWorker.java:128)
at java.base/java.util.ArrayList.forEach(ArrayList.java:1596)
at org.testng.TestRunner.privateRun(TestRunner.java:819)
at org.testng.TestRunner.run(TestRunner.java:619)
at org.testng.SuiteRunner.runTest(SuiteRunner.java:443)
at org.testng.SuiteRunner.runSequentially(SuiteRunner.java:437)
at org.testng.SuiteRunner.privateRun(SuiteRunner.java:397)
at org.testng.SuiteRunner.run(SuiteRunner.java:336)
at org.testng.SuiteRunnerWorker.runSuite(SuiteRunnerWorker.java:52)
at org.testng.SuiteRunnerWorker.run(SuiteRunnerWorker.java:95)
at org.testng.TestNG.runSuitesSequentially(TestNG.java:1301)
at org.testng.TestNG.runSuitesLocally(TestNG.java:1228)
at org.testng.TestNG.runSuites(TestNG.java:1134)
at org.testng.TestNG.run(TestNG.java:1101)
at org.apache.maven.surefire.testng.TestNGExecutor.run(TestNGExecutor.java:177)
at org.apache.maven.surefire.testng.TestNGXmlTestSuite.execute(TestNGXmlTestSuite.java:92)
at org.apache.maven.surefire.testng.TestNGProvider.invoke(TestNGProvider.java:105)
at java.base/jdk.internal.reflect.DirectMethodHandleAccessor.invoke(DirectMethodHandleAccessor.java:103)
at java.base/java.lang.reflect.Method.invoke(Method.java:580)
at org.apache.maven.surefire.util.ReflectionUtils.invokeMethodWithArray(ReflectionUtils.java:189)
at org.apache.maven.surefire.booter.ProviderFactory$ProviderProxy.invoke(ProviderFactory.java:165)
at org.apache.maven.surefire.booter.ProviderFactory.invokeProvider(ProviderFactory.java:85)
at org.apache.maven.surefire.booter.ForkedBooter.runSuitesInProcess(ForkedBooter.java:103)
at org.apache.maven.surefire.booter.ForkedBooter.main(ForkedBooter.java:74)
]]>
            </full-stacktrace>
          </exception> <!-- java.lang.AssertionError -->
          <reporter-output>
          </reporter-output>
        </test-method> <!-- addNewCustomer -->
        <test-method is-config="true" signature="closeBrowser()[pri:0, instance:ebanking.testCases.TC_AddNewCustomer_003Test@7ce69770]" started-at="2024-03-24T18:19:58 IST" name="closeBrowser" finished-at="2024-03-24T18:19:58 IST" duration-ms="193" status="PASS">
          <reporter-output>
          </reporter-output>
        </test-method> <!-- closeBrowser -->
      </class> <!-- ebanking.testCases.TC_AddNewCustomer_003Test -->
    </test> <!-- Test -->
  </suite> <!-- Suite -->
</testng-results>
